[2026-06-19 10:30:26] [ERROR] - API Gateway timeout
[2026-06-19 10:30:26] [WARN] - Memory leak detected in heap allocation
[2026-06-19 10:30:26] [INFO] - Memory leak detected in heap allocation
[2026-06-19 10:30:26] [WARN] - Memory leak detected in heap allocation
[2026-06-19 10:30:26] [ERROR] - Database connection stable
[2026-06-19 10:30:26] [ERROR] - API Gateway timeout
[2026-06-19 10:30:26] [CRITICAL] - API Gateway timeout
[2026-06-19 10:30:26] [WARN] - API Gateway timeout
[2026-06-19 10:30:26] [CRITICAL] - Database connection stable
[2026-06-19 10:30:26] [DEBUG] - Database connection stable
[2026-06-19 10:30:26] [ERROR] - Memory leak detected in heap allocation
[2026-06-19 10:30:26] [CRITICAL] - Cache flush successful
[2026-06-19 10:30:26] [INFO] - Database connection stable
[2026-06-19 10:30:26] [CRITICAL] - Cache flush successful
[2026-06-19 10:30:26] [DEBUG] - Cache flush successful
[2026-06-19 10:30:26] [ERROR] - Memory leak detected in heap allocation
[2026-06-19 10:30:26] [INFO] - Memory leak detected in heap allocation
[2026-06-19 10:30:26] [INFO] - Cache flush successful
[2026-06-19 10:30:26] [DEBUG] - Cache flush successful
[2026-06-19 10:30:26] [DEBUG] - User authentication success
[2026-06-19 10:30:26] [DEBUG] - Memory leak detected in heap allocation
[2026-06-19 10:30:26] [DEBUG] - Memory leak detected in heap allocation
[2026-06-19 10:30:26] [INFO] - User authentication success
[2026-06-19 10:30:26] [WARN] - API Gateway timeout
[2026-06-19 10:30:26] [CRITICAL] - Database connection stable
[2026-06-19 10:30:26] [WARN] - Memory leak detected in heap allocation
[2026-06-19 10:30:26] [CRITICAL] - API Gateway timeout
[2026-06-19 10:30:26] [INFO] - User authentication success
[2026-06-19 10:30:26] [DEBUG] - Cache flush successful
[2026-06-19 10:30:26] [CRITICAL] - Database connection stable
[2026-06-19 10:30:26] [CRITICAL] - User authentication success
[2026-06-19 10:30:26] [CRITICAL] - Cache flush successful
[2026-06-19 10:30:26] [ERROR] - User authentication success
[2026-06-19 10:30:26] [CRITICAL] - User authentication success
[2026-06-19 10:30:26] [WARN] - Memory leak detected in heap allocation
[2026-06-19 10:30:26] [ERROR] - Memory leak detected in heap allocation
[2026-06-19 10:30:26] [WARN] - Database connection stable
[2026-06-19 10:30:26] [DEBUG] - Memory leak detected in heap allocation
[2026-06-19 10:30:26] [WARN] - User authentication success
[2026-06-19 10:30:26] [DEBUG] - API Gateway timeout
[2026-06-19 10:30:26] [DEBUG] - Database connection stable
[2026-06-19 10:30:26] [DEBUG] - API Gateway timeout
[2026-06-19 10:30:26] [WARN] - Cache flush successful
[2026-06-19 10:30:26] [ERROR] - API Gateway timeout
[2026-06-19 10:30:26] [ERROR] - User authentication success
[2026-06-19 10:30:26] [WARN] - Database connection stable
[2026-06-19 10:30:26] [WARN] - User authentication success
[2026-06-19 10:30:26] [ERROR] - Cache flush successful
[2026-06-19 10:30:26] [WARN] - Memory leak detected in heap allocation
[2026-06-19 10:30:26] [DEBUG] - Cache flush successful
[2026-06-19 10:30:26] [ERROR] - User authentication success
[2026-06-19 10:30:26] [CRITICAL] - Cache flush successful
[2026-06-19 10:30:26] [WARN] - User authentication success
[2026-06-19 10:30:26] [CRITICAL] - Cache flush successful
[2026-06-19 10:30:26] [WARN] - Cache flush successful
[2026-06-19 10:30:26] [INFO] - API Gateway timeout
[2026-06-19 10:30:26] [WARN] - API Gateway timeout
[2026-06-19 10:30:26] [WARN] - API Gateway timeout
[2026-06-19 10:30:26] [CRITICAL] - Memory leak detected in heap allocation
[2026-06-19 10:30:26] [ERROR] - API Gateway timeout
[2026-06-19 10:30:26] [CRITICAL] - User authentication success
[2026-06-19 10:30:26] [WARN] - Memory leak detected in heap allocation
[2026-06-19 10:30:26] [WARN] - Database connection stable
[2026-06-19 10:30:26] [CRITICAL] - API Gateway timeout
[2026-06-19 10:30:26] [ERROR] - Cache flush successful
[2026-06-19 10:30:26] [DEBUG] - Cache flush successful
[2026-06-19 10:30:26] [WARN] - Memory leak detected in heap allocation
[2026-06-19 10:30:26] [INFO] - User authentication success
[2026-06-19 10:30:26] [ERROR] - API Gateway timeout
[2026-06-19 10:30:26] [ERROR] - Database connection stable
[2026-06-19 10:30:26] [ERROR] - Memory leak detected in heap allocation
[2026-06-19 10:30:26] [ERROR] - Memory leak detected in heap allocation
[2026-06-19 10:30:26] [CRITICAL] - Memory leak detected in heap allocation
[2026-06-19 10:30:26] [DEBUG] - API Gateway timeout
[2026-06-19 10:30:26] [WARN] - API Gateway timeout
[2026-06-19 10:30:26] [INFO] - Database connection stable
[2026-06-19 10:30:26] [DEBUG] - API Gateway timeout
[2026-06-19 10:30:26] [WARN] - User authentication success
[2026-06-19 10:30:26] [WARN] - User authentication success
[2026-06-19 10:30:26] [INFO] - API Gateway timeout
[2026-06-19 10:30:26] [DEBUG] - User authentication success
[2026-06-19 10:30:26] [CRITICAL] - User authentication success
[2026-06-19 10:30:26] [DEBUG] - Database connection stable
[2026-06-19 10:30:26] [WARN] - Database connection stable
[2026-06-19 10:30:26] [INFO] - API Gateway timeout
[2026-06-19 10:30:26] [WARN] - Memory leak detected in heap allocation
[2026-06-19 10:30:26] [INFO] - User authentication success
[2026-06-19 10:30:26] [WARN] - User authentication success
[2026-06-19 10:30:26] [WARN] - User authentication success
[2026-06-19 10:30:26] [INFO] - Memory leak detected in heap allocation
[2026-06-19 10:30:26] [WARN] - Memory leak detected in heap allocation
[2026-06-19 10:30:26] [WARN] - User authentication success
[2026-06-19 10:30:26] [ERROR] - Database connection stable
[2026-06-19 10:30:26] [WARN] - Database connection stable
[2026-06-19 10:30:26] [ERROR] - Cache flush successful
[2026-06-19 10:30:26] [ERROR] - Cache flush successful
[2026-06-19 10:30:26] [ERROR] - Cache flush successful
[2026-06-19 10:30:26] [CRITICAL] - API Gateway timeout
[2026-06-19 10:30:26] [ERROR] - Memory leak detected in heap allocation
[2026-06-19 10:30:26] [INFO] - Cache flush successful
[2026-06-19 10:30:26] [WARN] - Memory leak detected in heap allocation
[2026-06-19 10:30:26] [WARN] - Cache flush successful
[2026-06-19 10:30:26] [DEBUG] - Cache flush successful
[2026-06-19 10:30:26] [ERROR] - Database connection stable
[2026-06-19 10:30:26] [WARN] - API Gateway timeout
[2026-06-19 10:30:26] [DEBUG] - API Gateway timeout
[2026-06-19 10:30:26] [CRITICAL] - Database connection stable
[2026-06-19 10:30:26] [ERROR] - API Gateway timeout
[2026-06-19 10:30:26] [DEBUG] - Database connection stable
[2026-06-19 10:30:26] [DEBUG] - Memory leak detected in heap allocation
[2026-06-19 10:30:26] [ERROR] - Database connection stable
[2026-06-19 10:30:26] [DEBUG] - User authentication success
[2026-06-19 10:30:26] [CRITICAL] - Database connection stable
[2026-06-19 10:30:26] [ERROR] - User authentication success
[2026-06-19 10:30:26] [ERROR] - Memory leak detected in heap allocation
[2026-06-19 10:30:26] [INFO] - Memory leak detected in heap allocation
[2026-06-19 10:30:26] [INFO] - User authentication success
[2026-06-19 10:30:26] [INFO] - API Gateway timeout
[2026-06-19 10:30:26] [ERROR] - Database connection stable
[2026-06-19 10:30:26] [ERROR] - User authentication success
[2026-06-19 10:30:26] [INFO] - Memory leak detected in heap allocation
[2026-06-19 10:30:26] [INFO] - Cache flush successful
[2026-06-19 10:30:26] [INFO] - User authentication success
[2026-06-19 10:30:26] [WARN] - Database connection stable
[2026-06-19 10:30:26] [WARN] - Cache flush successful
[2026-06-19 10:30:26] [CRITICAL] - User authentication success
[2026-06-19 10:30:26] [INFO] - Database connection stable
[2026-06-19 10:30:26] [INFO] - User authentication success
[2026-06-19 10:30:26] [INFO] - Database connection stable
[2026-06-19 10:30:26] [CRITICAL] - User authentication success
[2026-06-19 10:30:26] [CRITICAL] - User authentication success
[2026-06-19 10:30:26] [WARN] - Database connection stable
[2026-06-19 10:30:26] [WARN] - Database connection stable
[2026-06-19 10:30:26] [ERROR] - Database connection stable
[2026-06-19 10:30:26] [INFO] - Database connection stable
[2026-06-19 10:30:26] [DEBUG] - Database connection stable
[2026-06-19 10:30:26] [DEBUG] - Database connection stable
[2026-06-19 10:30:26] [INFO] - Database connection stable
[2026-06-19 10:30:26] [WARN] - API Gateway timeout
[2026-06-19 10:30:26] [CRITICAL] - API Gateway timeout
[2026-06-19 10:30:26] [INFO] - User authentication success
[2026-06-19 10:30:26] [INFO] - API Gateway timeout
[2026-06-19 10:30:26] [WARN] - Cache flush successful
[2026-06-19 10:30:26] [ERROR] - Memory leak detected in heap allocation
[2026-06-19 10:30:26] [INFO] - Database connection stable
[2026-06-19 10:30:26] [DEBUG] - API Gateway timeout
[2026-06-19 10:30:26] [ERROR] - API Gateway timeout
[2026-06-19 10:30:26] [INFO] - Memory leak detected in heap allocation
[2026-06-19 10:30:26] [INFO] - Database connection stable
[2026-06-19 10:30:26] [WARN] - API Gateway timeout
